<?xml version="1.0" encoding="UTF-8"?>
<!-- Generated by org.testng.reporters.JUnitReportReporter -->
<testsuite hostname="DESKTOP-5P76U7U" failures="0" tests="1" name="tests.LoginTest" time="5.613" errors="0" timestamp="2025-05-09T20:07:07 IST" skipped="0">
  <testcase classname="tests.LoginTest" name="goToWorkspace" time="5.613"/>
  <system-out/>
</testsuite> <!-- tests.LoginTest -->
